<?xml version="1.0" encoding="UTF-8"?>
<!-- Generated by org.testng.reporters.JUnitReportReporter -->
<testsuite skipped="1" hostname="ETMUM-MB028.local" name="com.rochak.dockertest.DockerTests" tests="3" failures="0" timestamp="19 Jul 2018 12:43:03 GMT" time="77.318" errors="0">
  <testcase name="testStartContianerWithDebugPorts" time="10.944" classname="com.rochak.dockertest.DockerTests"/>
  <testcase name="testBrowserTest" time="66.374" classname="com.rochak.dockertest.DockerTests"/>
  <testcase name="testStartContianer" classname="com.rochak.dockertest.DockerTests">
    <skipped/>
  </testcase> <!-- testStartContianer -->
</testsuite> <!-- com.rochak.dockertest.DockerTests -->
