<?xml version="1.0" encoding="UTF-8"?>
<!-- Generated by org.testng.reporters.JUnitReportReporter -->
<testsuite skipped="0" hostname="ETMUM-MB028.local" name="com.rochak.dockertest.DockerTests" tests="2" failures="0" timestamp="18 Jul 2018 13:14:28 GMT" time="22.864" errors="0">
  <testcase name="testStartContianerWithDebugPorts" time="10.924" classname="com.rochak.dockertest.DockerTests"/>
  <testcase name="testBrowserTest" time="11.940" classname="com.rochak.dockertest.DockerTests"/>
</testsuite> <!-- com.rochak.dockertest.DockerTests -->
